This is pdfTeX, Version 3.1415926-2.3-1.40.12 (MiKTeX 2.9) (preloaded format=pdflatex 2012.1.11)  20 APR 2012 06:34
entering extended mode
**C:/openlcb_svn/trunk/scratchpads/tchatch/usb_can/CAN_USB_manual/CAN_USB.tex
(C:/openlcb_svn/trunk/scratchpads/tchatch/usb_can/CAN_USB_manual/CAN_USB.tex
LaTeX2e <2009/09/24>
Babel <v3.8l> and hyphenation patterns for english, afrikaans, ancientgreek, ar
abic, armenian, assamese, basque, bengali, bokmal, bulgarian, catalan, coptic, 
croatian, czech, danish, dutch, esperanto, estonian, farsi, finnish, french, ga
lician, german, german-x-2009-06-19, greek, gujarati, hindi, hungarian, iceland
ic, indonesian, interlingua, irish, italian, kannada, kurmanji, lao, latin, lat
vian, lithuanian, malayalam, marathi, mongolian, mongolianlmc, monogreek, ngerm
an, ngerman-x-2009-06-19, nynorsk, oriya, panjabi, pinyin, polish, portuguese, 
romanian, russian, sanskrit, serbian, slovak, slovenian, spanish, swedish, swis
sgerman, tamil, telugu, turkish, turkmen, ukenglish, ukrainian, uppersorbian, u
senglishmax, welsh, loaded.
("C:\Program Files (x86)\MiKTeX 2.9\tex\latex\base\book.cls"
Document Class: book 2007/10/19 v1.4h Standard LaTeX document class
("C:\Program Files (x86)\MiKTeX 2.9\tex\latex\base\bk11.clo"
File: bk11.clo 2007/10/19 v1.4h Standard LaTeX file (size option)
)
\c@part=\count79
\c@chapter=\count80
\c@section=\count81
\c@subsection=\count82
\c@subsubsection=\count83
\c@paragraph=\count84
\c@subparagraph=\count85
\c@figure=\count86
\c@table=\count87
\abovecaptionskip=\skip41
\belowcaptionskip=\skip42
\bibindent=\dimen102
)
("C:\Program Files (x86)\MiKTeX 2.9\tex\latex\geometry\geometry.sty"
Package: geometry 2010/09/12 v5.6 Page Geometry

("C:\Program Files (x86)\MiKTeX 2.9\tex\latex\graphics\keyval.sty"
Package: keyval 1999/03/16 v1.13 key=value parser (DPC)
\KV@toks@=\toks14
)
("C:\Program Files (x86)\MiKTeX 2.9\tex\generic\oberdiek\ifpdf.sty"
Package: ifpdf 2011/01/30 v2.3 Provides the ifpdf switch (HO)
Package ifpdf Info: pdfTeX in PDF mode is detected.
)
("C:\Program Files (x86)\MiKTeX 2.9\tex\generic\oberdiek\ifvtex.sty"
Package: ifvtex 2010/03/01 v1.5 Switches for detecting VTeX and its modes (HO)
Package ifvtex Info: VTeX not detected.
)
("C:\Program Files (x86)\MiKTeX 2.9\tex\generic\ifxetex\ifxetex.sty"
Package: ifxetex 2010/09/12 v0.6 Provides ifxetex conditional
)
\Gm@cnth=\count88
\Gm@cntv=\count89
\c@Gm@tempcnt=\count90
\Gm@bindingoffset=\dimen103
\Gm@wd@mp=\dimen104
\Gm@odd@mp=\dimen105
\Gm@even@mp=\dimen106
\Gm@layoutwidth=\dimen107
\Gm@layoutheight=\dimen108
\Gm@layouthoffset=\dimen109
\Gm@layoutvoffset=\dimen110
\Gm@dimlist=\toks15

("C:\Program Files (x86)\MiKTeX 2.9\tex\latex\geometry\geometry.cfg"))
("C:\Program Files (x86)\MiKTeX 2.9\tex\latex\graphics\graphicx.sty"
Package: graphicx 1999/02/16 v1.0f Enhanced LaTeX Graphics (DPC,SPQR)

("C:\Program Files (x86)\MiKTeX 2.9\tex\latex\graphics\graphics.sty"
Package: graphics 2009/02/05 v1.0o Standard LaTeX Graphics (DPC,SPQR)

("C:\Program Files (x86)\MiKTeX 2.9\tex\latex\graphics\trig.sty"
Package: trig 1999/03/16 v1.09 sin cos tan (DPC)
)
("C:\Program Files (x86)\MiKTeX 2.9\tex\latex\00miktex\graphics.cfg"
File: graphics.cfg 2007/01/18 v1.5 graphics configuration of teTeX/TeXLive
)
Package graphics Info: Driver file: pdftex.def on input line 91.

("C:\Program Files (x86)\MiKTeX 2.9\tex\latex\pdftex-def\pdftex.def"
File: pdftex.def 2011/05/27 v0.06d Graphics/color for pdfTeX

("C:\Program Files (x86)\MiKTeX 2.9\tex\generic\oberdiek\infwarerr.sty"
Package: infwarerr 2010/04/08 v1.3 Providing info/warning/message (HO)
)
("C:\Program Files (x86)\MiKTeX 2.9\tex\generic\oberdiek\ltxcmds.sty"
Package: ltxcmds 2011/04/18 v1.20 LaTeX kernel commands for general use (HO)
)
\Gread@gobject=\count91
))
\Gin@req@height=\dimen111
\Gin@req@width=\dimen112
)
("C:\Program Files (x86)\MiKTeX 2.9\tex\latex\base\makeidx.sty"
Package: makeidx 2000/03/29 v1.0m Standard LaTeX package
)
("C:\Program Files (x86)\MiKTeX 2.9\tex\latex\ltxmisc\url.sty"
\Urlmuskip=\muskip10
Package: url 2006/04/12  ver 3.3  Verb mode for urls, etc.
)
\@indexfile=\write3

Writing index file CAN_USB.idx
(C:\openlcb_svn\trunk\scratchpads\tchatch\usb_can\CAN_USB_manual\CAN_USB.aux

LaTeX Warning: Label `CANOUT' multiply defined.


LaTeX Warning: Label `CANOUT' multiply defined.


LaTeX Warning: Label `NoTerm' multiply defined.

)
LaTeX Font Info:    Checking defaults for OML/cmm/m/it on input line 19.
LaTeX Font Info:    ... okay on input line 19.
LaTeX Font Info:    Checking defaults for T1/cmr/m/n on input line 19.
LaTeX Font Info:    ... okay on input line 19.
LaTeX Font Info:    Checking defaults for OT1/cmr/m/n on input line 19.
LaTeX Font Info:    ... okay on input line 19.
LaTeX Font Info:    Checking defaults for OMS/cmsy/m/n on input line 19.
LaTeX Font Info:    ... okay on input line 19.
LaTeX Font Info:    Checking defaults for OMX/cmex/m/n on input line 19.
LaTeX Font Info:    ... okay on input line 19.
LaTeX Font Info:    Checking defaults for U/cmr/m/n on input line 19.
LaTeX Font Info:    ... okay on input line 19.

*geometry* driver: auto-detecting
*geometry* detected driver: pdftex
*geometry* verbose mode - [ preamble ] result:
* driver: pdftex
* paper: letterpaper
* layout: <same size as paper>
* layoutoffset:(h,v)=(0.0pt,0.0pt)
* modes: twoside 
* h-part:(L,W,R)=(73.71613pt, 430.00462pt, 110.57425pt)
* v-part:(T,H,B)=(95.39737pt, 556.47656pt, 143.09605pt)
* \paperwidth=614.295pt
* \paperheight=794.96999pt
* \textwidth=430.00462pt
* \textheight=556.47656pt
* \oddsidemargin=1.44614pt
* \evensidemargin=38.30426pt
* \topmargin=-8.74641pt
* \headheight=12.0pt
* \headsep=19.8738pt
* \topskip=11.0pt
* \footskip=27.46295pt
* \marginparwidth=116.0pt
* \marginparsep=7.0pt
* \columnsep=10.0pt
* \skip\footins=10.0pt plus 4.0pt minus 2.0pt
* \hoffset=0.0pt
* \voffset=0.0pt
* \mag=1000
* \@twocolumnfalse
* \@twosidetrue
* \@mparswitchtrue
* \@reversemarginfalse
* (1in=72.27pt=25.4mm, 1cm=28.453pt)

("C:\Program Files (x86)\MiKTeX 2.9\tex\context\base\supp-pdf.mkii"
[Loading MPS to PDF converter (version 2006.09.02).]
\scratchcounter=\count92
\scratchdimen=\dimen113
\scratchbox=\box26
\nofMPsegments=\count93
\nofMParguments=\count94
\everyMPshowfont=\toks16
\MPscratchCnt=\count95
\MPscratchDim=\dimen114
\MPnumerator=\count96
\everyMPtoPDFconversion=\toks17
)
LaTeX Font Info:    External font `cmex10' loaded for size
(Font)              <12> on input line 21.
LaTeX Font Info:    External font `cmex10' loaded for size
(Font)              <8> on input line 21.
LaTeX Font Info:    External font `cmex10' loaded for size
(Font)              <6> on input line 21.
 [1


{C:/ProgramData/MiKTeX/2.9/pdftex/config/pdftex.map}] [2

]
(C:\openlcb_svn\trunk\scratchpads\tchatch\usb_can\CAN_USB_manual\CAN_USB.toc
LaTeX Font Info:    External font `cmex10' loaded for size
(Font)              <10.95> on input line 2.
)
\tf@toc=\write4

[3] [4

]
Chapter 1.
LaTeX Font Info:    Try loading font information for OMS+cmr on input line 28.
("C:\Program Files (x86)\MiKTeX 2.9\tex\latex\base\omscmr.fd"
File: omscmr.fd 1999/05/25 v2.5h Standard LaTeX font definitions
)
LaTeX Font Info:    Font shape `OMS/cmr/m/n' in size <10.95> not available
(Font)              Font shape `OMS/cmsy/m/n' tried instead on input line 28.

<images/usb_can_a.png, id=20, 602.25pt x 473.77pt>
File: images/usb_can_a.png Graphic file (type png)
 <use images/usb_can_a.png>
Package pdftex.def Info: images/usb_can_a.png used on input line 30.
(pdftex.def)             Requested size: 289.07999pt x 227.41425pt.

[5 <C:/openlcb_svn/trunk/scratchpads/tchatch/usb_can/CAN_USB_manual/images/usb_
can_a.png>] [6

]
Chapter 2.
<images/can_usb_jumpers.png, id=28, 401.5pt x 711.65875pt>
File: images/can_usb_jumpers.png Graphic file (type png)

<use images/can_usb_jumpers.png>
Package pdftex.def Info: images/can_usb_jumpers.png used on input line 38.
(pdftex.def)             Requested size: 144.54pt x 256.19695pt.
 [7 <C:/openlcb_svn/trunk/scratchpads/tchatch/usb_can/CAN_USB_manual/images/can
_usb_jumpers.png>]
<images/power_line_in.png, id=35, 602.25pt x 718.685pt>
File: images/power_line_in.png Graphic file (type png)

<use images/power_line_in.png>
Package pdftex.def Info: images/power_line_in.png used on input line 53.
(pdftex.def)             Requested size: 108.405pt x 129.35771pt.

<images/power_line_usb.png, id=36, 602.25pt x 580.1675pt>
File: images/power_line_usb.png Graphic file (type png)

<use images/power_line_usb.png>
Package pdftex.def Info: images/power_line_usb.png used on input line 62.
(pdftex.def)             Requested size: 108.405pt x 104.42563pt.
 [8 <C:/openlcb_svn/trunk/scratchpads/tchatch/usb_can/CAN_USB_manual/images/pow
er_line_in.png> <C:/openlcb_svn/trunk/scratchpads/tchatch/usb_can/CAN_USB_manua
l/images/power_line_usb.png>]
<images/power_out.png, id=40, 401.5pt x 448.67625pt>
File: images/power_out.png Graphic file (type png)

<use images/power_out.png>
Package pdftex.def Info: images/power_out.png used on input line 74.
(pdftex.def)             Requested size: 108.405pt x 121.1442pt.
 <images/power_in.png, id=41, 401.5pt x 424.58624pt>
File: images/power_in.png Graphic file (type png)

<use images/power_in.png>
Package pdftex.def Info: images/power_in.png used on input line 84.
(pdftex.def)             Requested size: 72.26999pt x 76.42223pt.
 [9 <C:/openlcb_svn/trunk/scratchpads/tchatch/usb_can/CAN_USB_manual/images/pow
er_out.png> <C:/openlcb_svn/trunk/scratchpads/tchatch/usb_can/CAN_USB_manual/im
ages/power_in.png>]
<images/term_none.png, id=45, 602.25pt x 693.59125pt>
File: images/term_none.png Graphic file (type png)

<use images/term_none.png>
Package pdftex.def Info: images/term_none.png used on input line 98.
(pdftex.def)             Requested size: 108.405pt x 124.84103pt.

<images/term_resistive.png, id=46, 602.25pt x 640.3925pt>
File: images/term_resistive.png Graphic file (type png)

<use images/term_resistive.png>
Package pdftex.def Info: images/term_resistive.png used on input line 108.
(pdftex.def)             Requested size: 101.94003pt x 108.405pt.

<images/term_capacitive.png, id=47, 602.25pt x 750.805pt>
File: images/term_capacitive.png Graphic file (type png)

<use images/term_capacitive.png>
Package pdftex.def Info: images/term_capacitive.png used on input line 118.
(pdftex.def)             Requested size: 144.54pt x 180.19687pt.
 [10 <C:/openlcb_svn/trunk/scratchpads/tchatch/usb_can/CAN_USB_manual/images/te
rm_none.png> <C:/openlcb_svn/trunk/scratchpads/tchatch/usb_can/CAN_USB_manual/i
mages/term_resistive.png>]
<images/333333_baud.png, id=51, 702.625pt x 421.575pt>
File: images/333333_baud.png Graphic file (type png)

<use images/333333_baud.png>
Package pdftex.def Info: images/333333_baud.png used on input line 142.
(pdftex.def)             Requested size: 252.94499pt x 151.76688pt.

<images/230400_baud.png, id=52, 602.25pt x 366.36874pt>
File: images/230400_baud.png Graphic file (type png)

<use images/230400_baud.png>
Package pdftex.def Info: images/230400_baud.png used on input line 154.
(pdftex.def)             Requested size: 252.94499pt x 153.87381pt.
 [11 <C:/openlcb_svn/trunk/scratchpads/tchatch/usb_can/CAN_USB_manual/images/te
rm_capacitive.png>] [12 <C:/openlcb_svn/trunk/scratchpads/tchatch/usb_can/CAN_U
SB_manual/images/333333_baud.png> <C:/openlcb_svn/trunk/scratchpads/tchatch/usb
_can/CAN_USB_manual/images/230400_baud.png>]
Chapter 3.
<images/jmri.png, id=59, 386.94562pt x 213.79875pt>
File: images/jmri.png Graphic file (type png)
 <use images/jmri.png>
Package pdftex.def Info: images/jmri.png used on input line 165.
(pdftex.def)             Requested size: 433.62pt x 239.58997pt.

Overfull \hbox (3.61537pt too wide) in paragraph at lines 165--166
 [] 
 []

<images/jmri_preferences.png, id=60, 578.16pt x 329.73187pt>
File: images/jmri_preferences.png Graphic file (type png)

<use images/jmri_preferences.png>
Package pdftex.def Info: images/jmri_preferences.png used on input line 175.
(pdftex.def)             Requested size: 289.07999pt x 164.86552pt.

Underfull \vbox (badness 10000) has occurred while \output is active []

 [13

 <C:/openlcb_svn/trunk/scratchpads/tchatch/usb_can/CAN_USB_manual/images/jmri.p
ng>]
<images/jmri_tch_adapter.png, id=65, 575.90157pt x 329.73187pt>
File: images/jmri_tch_adapter.png Graphic file (type png)

<use images/jmri_tch_adapter.png>
Package pdftex.def Info: images/jmri_tch_adapter.png used on input line 185.
(pdftex.def)             Requested size: 289.07999pt x 165.51959pt.

<images/jmri_comport.png, id=66, 575.90157pt x 328.22626pt>
File: images/jmri_comport.png Graphic file (type png)

<use images/jmri_comport.png>
Package pdftex.def Info: images/jmri_comport.png used on input line 194.
(pdftex.def)             Requested size: 289.07999pt x 164.7638pt.
 [14 <C:/openlcb_svn/trunk/scratchpads/tchatch/usb_can/CAN_USB_manual/images/jm
ri_preferences.png> <C:/openlcb_svn/trunk/scratchpads/tchatch/usb_can/CAN_USB_m
anual/images/jmri_tch_adapter.png>]
<images/baud_rate.png, id=70, 577.40718pt x 328.97906pt>
File: images/baud_rate.png Graphic file (type png)

<use images/baud_rate.png>
Package pdftex.def Info: images/baud_rate.png used on input line 203.
(pdftex.def)             Requested size: 289.07999pt x 164.70999pt.

<images/jmri_complete.png, id=71, 576.65437pt x 328.22626pt>
File: images/jmri_complete.png Graphic file (type png)

<use images/jmri_complete.png>
Package pdftex.def Info: images/jmri_complete.png used on input line 212.
(pdftex.def)             Requested size: 289.07999pt x 164.54845pt.
 [15 <C:/openlcb_svn/trunk/scratchpads/tchatch/usb_can/CAN_USB_manual/images/jm
ri_comport.png> <C:/openlcb_svn/trunk/scratchpads/tchatch/usb_can/CAN_USB_manua
l/images/baud_rate.png>]
(C:\openlcb_svn\trunk\scratchpads\tchatch\usb_can\CAN_USB_manual\CAN_USB.ind
[16 <C:/openlcb_svn/trunk/scratchpads/tchatch/usb_can/CAN_USB_manual/images/jmr
i_complete.png>] [17


]) [18

]
(C:\openlcb_svn\trunk\scratchpads\tchatch\usb_can\CAN_USB_manual\CAN_USB.aux)

LaTeX Warning: There were multiply-defined labels.

 ) 
Here is how much of TeX's memory you used:
 1854 strings out of 494049
 26808 string characters out of 3146071
 83667 words of memory out of 3000000
 5133 multiletter control sequences out of 15000+200000
 10376 words of font info for 36 fonts, out of 3000000 for 9000
 715 hyphenation exceptions out of 8191
 27i,6n,19p,303b,263s stack positions out of 5000i,500n,10000p,200000b,50000s
<C:/Program Files (x86)/MiKTeX 2.9/fonts/type1/public/amsfonts/cm/cmbx10.pfb>
<C:/Program Files (x86)/MiKTeX 2.9/fonts/type1/public/amsfonts/cm/cmbx12.pfb><C
:/Program Files (x86)/MiKTeX 2.9/fonts/type1/public/amsfonts/cm/cmr10.pfb><C:/P
rogram Files (x86)/MiKTeX 2.9/fonts/type1/public/amsfonts/cm/cmr12.pfb><C:/Prog
ram Files (x86)/MiKTeX 2.9/fonts/type1/public/amsfonts/cm/cmr17.pfb><C:/Program
 Files (x86)/MiKTeX 2.9/fonts/type1/public/amsfonts/cm/cmr8.pfb><C:/Program Fil
es (x86)/MiKTeX 2.9/fonts/type1/public/amsfonts/cm/cmsl10.pfb><C:/Program Files
 (x86)/MiKTeX 2.9/fonts/type1/public/amsfonts/cm/cmsy10.pfb>
Output written on CAN_USB.pdf (18 pages, 7477081 bytes).
PDF statistics:
 111 PDF objects out of 1000 (max. 8388607)
 0 named destinations out of 1000 (max. 500000)
 86 words of extra memory for PDF output out of 10000 (max. 10000000)

