0	1	mPDsPic.exe -MSF -DBG -pP33EP64GP502 -Y -DL -SSA -O11111114 -fo64 -N"Z:\OpenLCB\trunk\prototypes\mikroPascal\dsPIC33EP_CommandStation\dsPIC33EP_NMRABusCommandStation.mppds" -SP"C:\Users\Public\Documents\Mikroelektronika\mikroPascal PRO for dsPIC\defs\" -SP"C:\Users\Public\Documents\Mikroelektronika\mikroPascal PRO for dsPIC\uses\" -SP"Z:\OpenLCB\trunk\prototypes\mikroPascal\dsPIC33EP_CommandStation\" -SP"C:\Program Files\Mikroelektronika\mikroPascal PRO for dsPIC\defs\" -SP"C:\Program Files\Mikroelektronika\mikroPascal PRO for dsPIC\uses\" -SP"E:\trunk\prototypes\mikroPascal\dsPIC33EP_CommandStation\" -SP"C:\Documents and Settings\Jim\Desktop\NMRABus\Firmware_v2_mikroPascal\dsPIC33EP_CommandStation\" -SP"C:\Documents and Settings\Jim\Desktop\NMRABus\Firmware_v2_mikroPascal\Library\CANBus\DMA_Buffers\dsPIC33EP64GP502\" -SP"C:\Documents and Settings\Jim\Desktop\NMRABus\Firmware_v2_mikroPascal\Library\CANBus\" -SP"C:\Documents and Settings\Jim\Desktop\NMRABus\Firmware_v2_mikroPascal\Library\InterfaceIntegratedCircuits\" -SP"C:\Documents and Settings\Jim\Desktop\NMRABus\Firmware_v2_mikroPascal\Library\NMRAnet\" -SP"C:\Documents and Settings\Jim\Desktop\NMRABus\Firmware_v2_mikroPascal\Library\NMRAnetDCCSystem\" -SP"C:\Documents and Settings\Jim\Desktop\NMRABus\Firmware_v2_mikroPascal\Library\dsPIC33F\" -SP"C:\Documents and Settings\Jim\Desktop\NMRABus\Firmware_v2_mikroPascal\Library\" -SP"C:\Documents and Settings\Jim\Desktop\NMRABus\Firmware_v2_mikroPascal\Library\Math\" -SP"E:\trunk\prototypes\mikroPascal\Library\CANBus\DMA_Buffers\dsPIC33EP64GP502\" -SP"E:\trunk\prototypes\mikroPascal\Library\CANBus\" -SP"E:\trunk\prototypes\mikroPascal\Library\InterfaceIntegratedCircuits\" -SP"E:\trunk\prototypes\mikroPascal\Library\NMRAnet\" -SP"E:\trunk\prototypes\mikroPascal\Library\NMRAnetDCCSystem\" -SP"E:\trunk\prototypes\mikroPascal\Library\dsPIC33F\" -SP"E:\trunk\prototypes\mikroPascal\Library\" -SP"E:\trunk\prototypes\mikroPascal\Library\Math\" -SP"Z:\OpenLCB\trunk\prototypes\mikroPascal\Library\CANBus\DMA_Buffers\dsPIC33EP64GP502\" -SP"Z:\OpenLCB\trunk\prototypes\mikroPascal\Library\CANBus\" -SP"Z:\OpenLCB\trunk\prototypes\mikroPascal\Library\InterfaceIntegratedCircuits\" -SP"Z:\OpenLCB\trunk\prototypes\mikroPascal\Library\NMRAnet\" -SP"Z:\OpenLCB\trunk\prototypes\mikroPascal\Library\NMRAnetDCCSystem\" -SP"Z:\OpenLCB\trunk\prototypes\mikroPascal\Library\dsPIC33F\" -SP"Z:\OpenLCB\trunk\prototypes\mikroPascal\Library\" -SP"Z:\OpenLCB\trunk\prototypes\mikroPascal\Library\Math\" "__Lib_Math.mcl" "__Lib_MathDouble.mcl" "__Lib_System.mcl" "__Lib_Delays.mcl" "__Lib_String.mcl" "__Lib_Conversions.mcl" "__Lib_SPI_12.mcl" "__Lib_UART_12_p24_p33.mcl" "__Lib_PPS_33EP64GP502.mcl" "dsPIC33EP_NMRAnetCommandStation.mpas" "MCU_Setup_dsPIC33EP64GP502.mpas" "NMRAnetAppCallbacks.mpas" "NMRAnetAppDefines.mpas" "CANBuffers.mpas" "CANStorage.mpas" "_25AAxxxx.mpas" "NMRAnetBufferPools.mpas" "NMRAnetCANReceive.mpas" "NMRAnetDatagrams.mpas" "NMRAnetDefines.mpas" "NMRAnetDefinesShared.mpas" "NMRAnetNode.mpas" "NMRAnetStateMachine.mpas" "NMRAnetUtilities.mpas" "NMRAnetDCC.mpas" "dsPIC33_CAN.mpas" "dsPIC33_DMA.mpas" "NodeIDs.mpas" "Float16.mpas"	 
warning: 0	1501	Specified search path does not exist: 'C:\Program Files\Mikroelektronika\mikroPascal PRO for dsPIC\defs'	 
warning: 0	1501	Specified search path does not exist: 'C:\Program Files\Mikroelektronika\mikroPascal PRO for dsPIC\uses'	 
warning: 0	1501	Specified search path does not exist: 'E:\trunk\prototypes\mikroPascal\dsPIC33EP_CommandStation'	 
warning: 0	1501	Specified search path does not exist: 'E:\trunk\prototypes\mikroPascal\Library\CANBus\DMA_Buffers\dsPIC33EP64GP502'	 
warning: 0	1501	Specified search path does not exist: 'E:\trunk\prototypes\mikroPascal\Library\CANBus'	 
warning: 0	1501	Specified search path does not exist: 'E:\trunk\prototypes\mikroPascal\Library\InterfaceIntegratedCircuits'	 
warning: 0	1501	Specified search path does not exist: 'E:\trunk\prototypes\mikroPascal\Library\NMRAnet'	 
warning: 0	1501	Specified search path does not exist: 'E:\trunk\prototypes\mikroPascal\Library\NMRAnetDCCSystem'	 
warning: 0	1501	Specified search path does not exist: 'E:\trunk\prototypes\mikroPascal\Library\dsPIC33F'	 
warning: 0	1501	Specified search path does not exist: 'E:\trunk\prototypes\mikroPascal\Library'	 
warning: 0	1501	Specified search path does not exist: 'E:\trunk\prototypes\mikroPascal\Library\Math'	 
diagnostics: 0	133	Compilation Started	C:\Users\Public\Documents\Mikroelektronika\mikroPascal PRO for dsPIC\uses\__Lib_Delays.mpas
hint: 1	1015	Hint: Compiling unit "C:\Users\Public\Documents\Mikroelektronika\mikroPascal PRO for dsPIC\uses\__Lib_Delays.mpas"	__Lib_Delays.mpas
hint: 724	1010	Hint: Unit "__Lib_Delays.mpas" has been recompiled	__Lib_Delays.mpas
diagnostics: 0	134	Compiled Successfully	C:\Users\Public\Documents\Mikroelektronika\mikroPascal PRO for dsPIC\uses\__Lib_Delays.mpas
diagnostics: 0	133	Compilation Started	Z:\OpenLCB\trunk\prototypes\mikroPascal\dsPIC33EP_CommandStation\dsPIC33EP_NMRAnetCommandStation.mpas
hint: 1	1015	Hint: Compiling unit "Z:\OpenLCB\trunk\prototypes\mikroPascal\dsPIC33EP_CommandStation\dsPIC33EP_NMRAnetCommandStation.mpas"	dsPIC33EP_NMRAnetCommandStation.mpas
hint: 1	1015	Hint: Compiling unit "C:\Documents and Settings\Jim\Desktop\NMRABus\Firmware_v2_mikroPascal\Library\NMRAnet\NMRAnetDefinesShared.mpas"	NMRAnetDefinesShared.mpas
hint: 115	1010	Hint: Unit "NMRAnetDefinesShared.mpas" has been recompiled	NMRAnetDefinesShared.mpas
hint: 1	1015	Hint: Compiling unit "Z:\OpenLCB\trunk\prototypes\mikroPascal\dsPIC33EP_CommandStation\NMRAnetAppDefines.mpas"	NMRAnetAppDefines.mpas
error: 51	305	Argument is out of range "MCO_UNALIGNED_WRITES" to "byte"	NMRAnetAppDefines.mpas
error: 51	304	Syntax error: Expected "byte" but "word" found	NMRAnetAppDefines.mpas
warning: 52	1517	Warning: Aggregate padded with zeros (1) in order to match declared size (4)	NMRAnetAppDefines.mpas
error: 52	304	Syntax error: Expected ")" but "MCWL_ONE_BYTE" found	NMRAnetAppDefines.mpas
error: 52	359	Too many elements: expected 4 elements	NMRAnetAppDefines.mpas
error: 52	304	Syntax error: Expected ";" but "or" found	NMRAnetAppDefines.mpas
error: 52	304	Syntax error: Expected "end" but "MCWL_TWO_BYTE" found	NMRAnetAppDefines.mpas
error: 52	304	Syntax error: Expected "." but "or" found	NMRAnetAppDefines.mpas
error: 0	102	Finished (with errors): 09 Dec 2012, 21:39:07	dsPIC33EP_NMRABusCommandStation.mppds
